#
# There is insufficient memory for the Java Runtime Environment to continue.
# Native memory allocation (mmap) failed to map 264241152 bytes for Failed to commit area from 0x0000000705800000 to 0x0000000715400000 of length 264241152.
# Possible reasons:
#   The system is out of physical RAM or swap space
#   The process is running with CompressedOops enabled, and the Java Heap may be blocking the growth of the native heap
# Possible solutions:
#   Reduce memory load on the system
#   Increase physical memory or swap space
#   Check if swap backing store is full
#   Decrease Java heap size (-Xmx/-Xms)
#   Decrease number of Java threads
#   Decrease Java thread stack sizes (-Xss)
#   Set larger code cache with -XX:ReservedCodeCacheSize=
# This output file may be truncated or incomplete.
#
#  Out of Memory Error (src/hotspot/os/windows/os_windows.cpp:3627), pid=612, tid=5900
#
# JRE version:  (11.0.15) (build )
# Java VM: OpenJDK 64-Bit Server VM (11.0.15+0-b2043.56-9505619, mixed mode, sharing, tiered, compressed oops, g1 gc, windows-amd64)
# No core dump will be written. Minidumps are not enabled by default on client versions of Windows
#

---------------  S U M M A R Y ------------

Command Line: git4idea.http.GitAskPassApp Username for 'https://github.com': 

Host: Intel(R) Core(TM) i5-10400 CPU @ 2.90GHz, 12 cores, 15G,  Windows 10 , 64 bit Build 19041 (10.0.19041.2546)
Time: Mon Apr  3 12:51:04 2023  Windows 10 , 64 bit Build 19041 (10.0.19041.2546) elapsed time: 0.030219 seconds (0d 0h 0m 0s)

---------------  T H R E A D  ---------------

Current thread (0x00000216051ac000):  JavaThread "Unknown thread" [_thread_in_vm, id=5900, stack(0x0000004897500000,0x0000004897600000)]

Stack: [0x0000004897500000,0x0000004897600000]
Native frames: (J=compiled Java code, j=interpreted, Vv=VM code, C=native code)
V  [jvm.dll+0x64135a]
V  [jvm.dll+0x7d39f9]
V  [jvm.dll+0x7d51b9]
V  [jvm.dll+0x7d58a3]
V  [jvm.dll+0x2691c5]
V  [jvm.dll+0x63e4e9]
V  [jvm.dll+0x632985]
V  [jvm.dll+0x3231ac]
V  [jvm.dll+0x323032]
V  [jvm.dll+0x327c06]
V  [jvm.dll+0x36ffa2]
V  [jvm.dll+0x36fa01]
V  [jvm.dll+0x2fea28]
V  [jvm.dll+0x2ffb25]
V  [jvm.dll+0x7accd7]
V  [jvm.dll+0x7ae49f]
V  [jvm.dll+0x37d299]
V  [jvm.dll+0x78ef9f]
V  [jvm.dll+0x3ec847]
V  [jvm.dll+0x3eed31]
C  [jli.dll+0x52cb]
C  [ucrtbase.dll+0x21bb2]
C  [KERNEL32.DLL+0x17614]
C  [ntdll.dll+0x526a1]


---------------  P R O C E S S  ---------------

Threads class SMR info:
_java_thread_list=0x00000216050cfc50, length=0, elements={
}

Java Threads: ( => current thread )

Other Threads:
  0x00000216052cb800 GCTaskThread "GC Thread#0" [stack: 0x0000004897600000,0x0000004897700000] [id=6196]
  0x0000021605328000 ConcurrentGCThread "G1 Main Marker" [stack: 0x0000004897700000,0x0000004897800000] [id=4760]
  0x000002160532a800 ConcurrentGCThread "G1 Conc#0" [stack: 0x0000004897800000,0x0000004897900000] [id=2456]

[error occurred during error reporting (printing all threads), id 0xc0000005, EXCEPTION_ACCESS_VIOLATION (0xc0000005) at pc=0x00007ff94c43f3e7]

VM state:not at safepoint (not fully initialized)

VM Mutex/Monitor currently owned by a thread:  ([mutex/lock_event])
[0x00000216052b3070] Heap_lock - owner thread: 0x00000216051ac000

Heap address: 0x0000000705800000, size: 4008 MB, Compressed Oops mode: Non-zero based: 0x0000000705800000
Narrow klass base: 0x0000000000000000, Narrow klass shift: 0

GC Heap History (0 events):
No events

Deoptimization events (0 events):
No events

Classes redefined (0 events):
No events

Internal exceptions (0 events):
No events

Events (1 events):
Event: 0.019 Loaded shared library C:\Program Files\Android\Android Studio\jbr\bin\zip.dll


Dynamic libraries:
0x00007ff6c6720000 - 0x00007ff6c672a000 	C:\Program Files\Android\Android Studio\jbr\bin\java.exe
0x00007ff9afd30000 - 0x00007ff9aff28000 	C:\Windows\SYSTEM32\ntdll.dll
0x00007ff9af7e0000 - 0x00007ff9af89f000 	C:\Windows\System32\KERNEL32.DLL
0x00007ff9ad610000 - 0x00007ff9ad8e2000 	C:\Windows\System32\KERNELBASE.dll
0x00007ff9ad920000 - 0x00007ff9ada20000 	C:\Windows\System32\ucrtbase.dll
0x00007ff9877a0000 - 0x00007ff9877b7000 	C:\Program Files\Android\Android Studio\jbr\bin\jli.dll
0x00007ff989730000 - 0x00007ff98974b000 	C:\Program Files\Android\Android Studio\jbr\bin\VCRUNTIME140.dll
0x00007ff9ae1f0000 - 0x00007ff9ae391000 	C:\Windows\System32\USER32.dll
0x00007ff97fe90000 - 0x00007ff98012a000 	C:\Windows\WinSxS\amd64_microsoft.windows.common-controls_6595b64144ccf1df_6.0.19041.1110_none_60b5254171f9507e\COMCTL32.dll
0x00007ff9ad590000 - 0x00007ff9ad5b2000 	C:\Windows\System32\win32u.dll
0x00007ff9af7b0000 - 0x00007ff9af7db000 	C:\Windows\System32\GDI32.dll
0x00007ff9aef10000 - 0x00007ff9aefae000 	C:\Windows\System32\msvcrt.dll
0x00007ff9adad0000 - 0x00007ff9adbdf000 	C:\Windows\System32\gdi32full.dll
0x00007ff9adbe0000 - 0x00007ff9adc7d000 	C:\Windows\System32\msvcp_win.dll
0x00007ff9aeca0000 - 0x00007ff9aecd0000 	C:\Windows\System32\IMM32.DLL
0x00007ff989130000 - 0x00007ff98913c000 	C:\Program Files\Android\Android Studio\jbr\bin\vcruntime140_1.dll
0x00007ff954c10000 - 0x00007ff954c9d000 	C:\Program Files\Android\Android Studio\jbr\bin\msvcp140.dll
0x00007ff94c130000 - 0x00007ff94ccec000 	C:\Program Files\Android\Android Studio\jbr\bin\server\jvm.dll
0x00007ff9afbc0000 - 0x00007ff9afc6e000 	C:\Windows\System32\ADVAPI32.dll
0x00007ff9afb20000 - 0x00007ff9afbbc000 	C:\Windows\System32\sechost.dll
0x00007ff9af020000 - 0x00007ff9af144000 	C:\Windows\System32\RPCRT4.dll
0x00007ff99a290000 - 0x00007ff99a2b7000 	C:\Windows\SYSTEM32\WINMM.dll
0x00007ff9a64b0000 - 0x00007ff9a64ba000 	C:\Windows\SYSTEM32\VERSION.dll
0x00007ff9af7a0000 - 0x00007ff9af7a8000 	C:\Windows\System32\PSAPI.DLL
0x00007ff99a1d0000 - 0x00007ff99a1d9000 	C:\Windows\SYSTEM32\WSOCK32.dll
0x00007ff9aefb0000 - 0x00007ff9af01b000 	C:\Windows\System32\WS2_32.dll
0x00007ff9ab2d0000 - 0x00007ff9ab2e2000 	C:\Windows\SYSTEM32\kernel.appcore.dll
0x00007ff9a4710000 - 0x00007ff9a4720000 	C:\Program Files\Android\Android Studio\jbr\bin\verify.dll
0x00007ff99b3d0000 - 0x00007ff99b5b4000 	C:\Windows\SYSTEM32\DBGHELP.DLL
0x00007ff99a1f0000 - 0x00007ff99a225000 	C:\Windows\SYSTEM32\dbgcore.DLL
0x00007ff9adcf0000 - 0x00007ff9add72000 	C:\Windows\System32\bcryptPrimitives.dll
0x00007ff9a1590000 - 0x00007ff9a15b8000 	C:\Program Files\Android\Android Studio\jbr\bin\java.dll
0x00007ff9a2d30000 - 0x00007ff9a2d3a000 	C:\Program Files\Android\Android Studio\jbr\bin\jimage.dll
0x00007ff9a2360000 - 0x00007ff9a2378000 	C:\Program Files\Android\Android Studio\jbr\bin\zip.dll

dbghelp: loaded successfully - version: 4.0.5 - missing functions: none
symbol engine: initialized successfully - sym options: 0x614 - pdb path: .;C:\Program Files\Android\Android Studio\jbr\bin;C:\Windows\SYSTEM32;C:\Windows\WinSxS\amd64_microsoft.windows.common-controls_6595b64144ccf1df_6.0.19041.1110_none_60b5254171f9507e;C:\Program Files\Android\Android Studio\jbr\bin\server

VM Arguments:
java_command: git4idea.http.GitAskPassApp Username for 'https://github.com': 
java_class_path (initial): C:/Program Files/Android/Android Studio/plugins/git4idea/lib/git4idea-rt.jar;C:/Program Files/Android/Android Studio/lib/externalProcess-rt.jar;C:/Program Files/Android/Android Studio/lib/app.jar;C:/Program Files/Android/Android Studio/lib/3rd-party-rt.jar
Launcher Type: SUN_STANDARD

[Global flags]
     intx CICompilerCount                          = 4                                         {product} {ergonomic}
     uint ConcGCThreads                            = 3                                         {product} {ergonomic}
     uint G1ConcRefinementThreads                  = 10                                        {product} {ergonomic}
   size_t G1HeapRegionSize                         = 1048576                                   {product} {ergonomic}
    uintx GCDrainStackTargetSize                   = 64                                        {product} {ergonomic}
   size_t InitialHeapSize                          = 264241152                                 {product} {ergonomic}
   size_t MarkStackSize                            = 4194304                                   {product} {ergonomic}
   size_t MaxHeapSize                              = 4202692608                                {product} {ergonomic}
   size_t MinHeapDeltaBytes                        = 1048576                                   {product} {ergonomic}
    uintx NonNMethodCodeHeapSize                   = 5836300                                {pd product} {ergonomic}
    uintx NonProfiledCodeHeapSize                  = 122910970                              {pd product} {ergonomic}
    uintx ProfiledCodeHeapSize                     = 122910970                              {pd product} {ergonomic}
    uintx ReservedCodeCacheSize                    = 251658240                              {pd product} {ergonomic}
     bool SegmentedCodeCache                       = true                                      {product} {ergonomic}
     bool UseCompressedClassPointers               = true                                 {lp64_product} {ergonomic}
     bool UseCompressedOops                        = true                                 {lp64_product} {ergonomic}
     bool UseG1GC                                  = true                                      {product} {ergonomic}
     bool UseLargePagesIndividualAllocation        = false                                  {pd product} {ergonomic}

Logging:
Log output configuration:
 #0: stdout all=warning uptime,level,tags
 #1: stderr all=off uptime,level,tags

Environment Variables:
JAVA_HOME=C:\Program Files\Java\jdk-11.0.2
CLASSPATH=C:\Program Files\Java\jdk-11.0.2\lib;.; 
PATH=C:/Program Files/Git/mingw64/libexec/git-core;C:/Program Files/Git/mingw64/libexec/git-core;C:\Program Files\Git\mingw64\bin;C:\Program Files\Git\usr\bin;C:\Users\admin\bin;C:\oracle\product\21c\dbhomeXE\bin;C:\Users\admin\Documents\gradle-7.4.2-bin\gradle-7.4.2\bin;C:\Users\admin\Documents\apache-maven-3.8.5-bin\apache-maven-3.8.5\bin;C:\Program Files\Java\jdk-11.0.2\bin;C:\Windows\system32;C:\Windows;C:\Windows\System32\Wbem;C:\Windows\System32\WindowsPowerShell\v1.0\;C:\Windows\System32\OpenSSH\;C:\Program Files\Git\cmd;C:\Program Files\MySQL\MySQL Server 8.0\bin\;C:\Program Files\Bandizip\;C:\Program Files\Docker\Docker\resources\bin;C:\Program Files\dotnet\;C:\Program Files\nodejs\;C:\Program Files\MySQL\MySQL Shell 8.0\bin\;C:\Users\admin\AppData\Local\Microsoft\WindowsApps;C:\Users\admin\AppData\Local\GitHubDesktop\bin;C:\Users\admin\AppData\Roaming\npm
USERNAME=admin
DISPLAY=:0.0
LC_ALL=en_US.UTF-8
OS=Windows_NT
PROCESSOR_IDENTIFIER=Intel64 Family 6 Model 165 Stepping 3, GenuineIntel



---------------  S Y S T E M  ---------------

OS: Windows 10 , 64 bit Build 19041 (10.0.19041.2546)
OS uptime: 3 days 3:45 hours
Hyper-V role detected

CPU:total 12 (initial active 12) (6 cores per cpu, 2 threads per core) family 6 model 165 stepping 3 microcode 0xcc, cmov, cx8, fxsr, mmx, sse, sse2, sse3, ssse3, sse4.1, sse4.2, popcnt, avx, avx2, aes, clmul, erms, 3dnowpref, lzcnt, ht, tsc, tscinvbit, bmi1, bmi2, adx, fma

Memory: 4k page, system-wide physical 16028M (412M free)
TotalPageFile size 45752M (AvailPageFile size 43M)
current process WorkingSet (physical memory assigned to process): 10M, peak: 10M
current process commit charge ("private bytes"): 64M, peak: 316M

vm_info: OpenJDK 64-Bit Server VM (11.0.15+0-b2043.56-9505619) for windows-amd64 JRE (11.0.15+0-b2043.56-9505619), built on Jan 19 2023 02:48:00 by "builduser" with unknown MS VC++:1929

END.
